[debug] [2021-02-19T14:42:07.800Z] ----------------------------------------------------------------------
[debug] [2021-02-19T14:42:07.802Z] Command:       C:\Program Files\nodejs\node.exe C:\Users\Andrei\AppData\Roaming\npm\node_modules\firebase-tools\lib\bin\firebase.js serve
[debug] [2021-02-19T14:42:07.803Z] CLI Version:   9.2.2
[debug] [2021-02-19T14:42:07.803Z] Platform:      win32
[debug] [2021-02-19T14:42:07.803Z] Node Version:  v14.15.4
[debug] [2021-02-19T14:42:07.804Z] Time:          Fri Feb 19 2021 16:42:07 GMT+0200 (Eastern European Standard Time)
[debug] [2021-02-19T14:42:07.804Z] ----------------------------------------------------------------------
[debug] [2021-02-19T14:42:07.804Z] 
[debug] [2021-02-19T14:42:07.811Z] > command requires scopes: ["email","openid","https://www.googleapis.com/auth/cloudplatformprojects.readonly","https://www.googleapis.com/auth/firebase","https://www.googleapis.com/auth/cloud-platform"]
[debug] [2021-02-19T14:42:07.811Z] > authorizing via signed-in user
[debug] [2021-02-19T14:42:07.812Z] [iam] checking project doggesik-6cee1 for permissions ["firebase.projects.get"]
[debug] [2021-02-19T14:42:07.814Z] > refreshing access token with scopes: ["email","https://www.googleapis.com/auth/cloud-platform","https://www.googleapis.com/auth/cloudplatformprojects.readonly","https://www.googleapis.com/auth/firebase","openid"]
[debug] [2021-02-19T14:42:07.814Z] >>> HTTP REQUEST POST https://www.googleapis.com/oauth2/v3/token  
 <request body omitted>
[debug] [2021-02-19T14:42:08.111Z] <<< HTTP RESPONSE 200 {"expires":"Mon, 01 Jan 1990 00:00:00 GMT","cache-control":"no-cache, no-store, max-age=0, must-revalidate","date":"Fri, 19 Feb 2021 14:42:07 GMT","pragma":"no-cache","content-type":"application/json; charset=utf-8","vary":"X-Origin, Referer, Origin,Accept-Encoding","server":"scaffolding on HTTPServer2","x-xss-protection":"0","x-frame-options":"SAMEORIGIN","x-content-type-options":"nosniff","alt-svc":"h3-29=\":443\"; ma=2592000,h3-T051=\":443\"; ma=2592000,h3-Q050=\":443\"; ma=2592000,h3-Q046=\":443\"; ma=2592000,h3-Q043=\":443\"; ma=2592000,quic=\":443\"; ma=2592000; v=\"46,43\"","accept-ranges":"none","transfer-encoding":"chunked"}
[debug] [2021-02-19T14:42:08.126Z] >>> HTTP REQUEST POST https://cloudresourcemanager.googleapis.com/v1/projects/doggesik-6cee1:testIamPermissions  
 {"permissions":["firebase.projects.get"]}
[debug] [2021-02-19T14:42:09.039Z] <<< HTTP RESPONSE 200 {"content-type":"application/json; charset=UTF-8","vary":"X-Origin, Referer, Origin,Accept-Encoding","date":"Fri, 19 Feb 2021 14:42:08 GMT","server":"ESF","cache-control":"private","x-xss-protection":"0","x-frame-options":"SAMEORIGIN","x-content-type-options":"nosniff","server-timing":"gfet4t7; dur=662","alt-svc":"h3-29=\":443\"; ma=2592000,h3-T051=\":443\"; ma=2592000,h3-Q050=\":443\"; ma=2592000,h3-Q046=\":443\"; ma=2592000,h3-Q043=\":443\"; ma=2592000,quic=\":443\"; ma=2592000; v=\"46,43\"","accept-ranges":"none","transfer-encoding":"chunked"}
[debug] [2021-02-19T14:42:09.041Z] > refreshing access token with scopes: []
[debug] [2021-02-19T14:42:09.041Z] >>> HTTP REQUEST POST https://www.googleapis.com/oauth2/v3/token  
 <request body omitted>
[debug] [2021-02-19T14:42:09.255Z] <<< HTTP RESPONSE 200 {"pragma":"no-cache","cache-control":"no-cache, no-store, max-age=0, must-revalidate","date":"Fri, 19 Feb 2021 14:42:08 GMT","expires":"Mon, 01 Jan 1990 00:00:00 GMT","content-type":"application/json; charset=utf-8","vary":"X-Origin, Referer, Origin,Accept-Encoding","server":"scaffolding on HTTPServer2","x-xss-protection":"0","x-frame-options":"SAMEORIGIN","x-content-type-options":"nosniff","alt-svc":"h3-29=\":443\"; ma=2592000,h3-T051=\":443\"; ma=2592000,h3-Q050=\":443\"; ma=2592000,h3-Q046=\":443\"; ma=2592000,h3-Q043=\":443\"; ma=2592000,quic=\":443\"; ma=2592000; v=\"46,43\"","accept-ranges":"none","transfer-encoding":"chunked"}
[debug] [2021-02-19T14:42:09.269Z] >>> [apiv2][query] GET https://firebase.googleapis.com/v1beta1/projects/doggesik-6cee1 [none]
[debug] [2021-02-19T14:42:09.626Z] <<< [apiv2][status] GET https://firebase.googleapis.com/v1beta1/projects/doggesik-6cee1 200
[debug] [2021-02-19T14:42:09.626Z] <<< [apiv2][body] GET https://firebase.googleapis.com/v1beta1/projects/doggesik-6cee1 {"projectId":"doggesik-6cee1","projectNumber":"1097100126835","displayName":"doggesik","name":"projects/doggesik-6cee1","resources":{"hostingSite":"doggesik-6cee1","storageBucket":"doggesik-6cee1.appspot.com","locationId":"us-central"},"state":"ACTIVE"}
[info] 
[info] === Serving from 'D:\doggesik.com\doggesik-ng'...
[info] 
[debug] [2021-02-19T14:42:09.630Z] >>> [apiv2][query] GET https://firebase.googleapis.com/v1beta1/projects/doggesik-6cee1/webApps/-/config [none]
[warn] !  Your requested "node" version "12" doesn't match your global version "14" {"metadata":{"emulator":{"name":"functions"},"message":"Your requested \"node\" version \"12\" doesn't match your global version \"14\""}}
[debug] [2021-02-19T14:42:09.641Z] defaultcredentials: writing to file C:\Users\Andrei\AppData\Roaming\firebase\doggesik_gmail_com_application_default_credentials.json
[debug] [2021-02-19T14:42:09.642Z] Setting GAC to C:\Users\Andrei\AppData\Roaming\firebase\doggesik_gmail_com_application_default_credentials.json {"metadata":{"emulator":{"name":"functions"},"message":"Setting GAC to C:\\Users\\Andrei\\AppData\\Roaming\\firebase\\doggesik_gmail_com_application_default_credentials.json"}}
[debug] [2021-02-19T14:42:09.643Z] >>> [apiv2][query] GET https://firebase.googleapis.com/v1beta1/projects/doggesik-6cee1/adminSdkConfig [none]
[debug] [2021-02-19T14:42:10.023Z] <<< [apiv2][status] GET https://firebase.googleapis.com/v1beta1/projects/doggesik-6cee1/adminSdkConfig 200
[debug] [2021-02-19T14:42:10.023Z] <<< [apiv2][body] GET https://firebase.googleapis.com/v1beta1/projects/doggesik-6cee1/adminSdkConfig {"projectId":"doggesik-6cee1","storageBucket":"doggesik-6cee1.appspot.com","locationId":"us-central"}
[debug] [2021-02-19T14:42:10.463Z] <<< [apiv2][status] GET https://firebase.googleapis.com/v1beta1/projects/doggesik-6cee1/webApps/-/config 200
[debug] [2021-02-19T14:42:10.463Z] <<< [apiv2][body] GET https://firebase.googleapis.com/v1beta1/projects/doggesik-6cee1/webApps/-/config {"projectId":"doggesik-6cee1","appId":"1:1097100126835:web:27ecffacacf01348849806","storageBucket":"doggesik-6cee1.appspot.com","locationId":"us-central","apiKey":"AIzaSyDYdMShOzh6XV97Eacc7esqhBftyTGUECo","authDomain":"doggesik-6cee1.firebaseapp.com","messagingSenderId":"1097100126835","measurementId":"G-9XSR535HZ7"}
[info] i  functions: Watching "D:\doggesik.com\doggesik-ng\functions" for Cloud Functions... {"metadata":{"emulator":{"name":"functions"},"message":"Watching \"D:\\doggesik.com\\doggesik-ng\\functions\" for Cloud Functions..."}}
[debug] [2021-02-19T14:42:10.506Z] [worker-pool] addWorker(~diagnostic~) {"metadata":{"emulator":{"name":"functions"},"message":"[worker-pool] addWorker(~diagnostic~)"}}
[debug] [2021-02-19T14:42:10.506Z] [worker-pool] Adding worker with key ~diagnostic~, total=1 {"metadata":{"emulator":{"name":"functions"},"message":"[worker-pool] Adding worker with key ~diagnostic~, total=1"}}
[debug] [2021-02-19T14:42:10.506Z] [worker-pool] submitWork(triggerId=) {"metadata":{"emulator":{"name":"functions"},"message":"[worker-pool] submitWork(triggerId=)"}}
[debug] [2021-02-19T14:42:10.507Z] [worker-~diagnostic~-c1ad2f2e-297a-4492-84f6-0c503cab4e03]: Assigning socketPath: \\?\pipe\D:\doggesik.com\doggesik-ng\functions\3860 {"metadata":{"emulator":{"name":"functions"},"message":"[worker-~diagnostic~-c1ad2f2e-297a-4492-84f6-0c503cab4e03]: Assigning socketPath: \\\\?\\pipe\\D:\\doggesik.com\\doggesik-ng\\functions\\3860"}}
[debug] [2021-02-19T14:42:10.507Z] [worker-~diagnostic~-c1ad2f2e-297a-4492-84f6-0c503cab4e03]: BUSY {"metadata":{"emulator":{"name":"functions"},"message":"[worker-~diagnostic~-c1ad2f2e-297a-4492-84f6-0c503cab4e03]: BUSY"}}
[info] i  hosting: Serving hosting files from: dist/browser {"metadata":{"emulator":{"name":"hosting"},"message":"Serving hosting files from: \u001b[1mdist/browser\u001b[22m"}}
[info] +  hosting: Local server: http://localhost:5000 {"metadata":{"emulator":{"name":"hosting"},"message":"Local server: \u001b[4m\u001b[1mhttp://localhost:5000\u001b[22m\u001b[24m"}}
[debug] [2021-02-19T14:42:10.718Z] [runtime-status] [3860] Functions runtime initialized. {"cwd":"D:\\doggesik.com\\doggesik-ng\\functions","node_version":"14.15.4"} {"metadata":{"emulator":{"name":"functions"},"message":"[runtime-status] [3860] Functions runtime initialized. {\"cwd\":\"D:\\\\doggesik.com\\\\doggesik-ng\\\\functions\",\"node_version\":\"14.15.4\"}"}}
[debug] [2021-02-19T14:42:10.720Z] [runtime-status] [3860] Disabled runtime features: undefined {"metadata":{"emulator":{"name":"functions"},"message":"[runtime-status] [3860] Disabled runtime features: undefined"}}
[debug] [2021-02-19T14:42:10.722Z] [runtime-status] [3860] Resolved module firebase-admin {"declared":true,"installed":true,"version":"9.4.2","resolution":"D:\\doggesik.com\\doggesik-ng\\functions\\node_modules\\firebase-admin\\lib\\index.js"} {"metadata":{"emulator":{"name":"functions"},"message":"[runtime-status] [3860] Resolved module firebase-admin {\"declared\":true,\"installed\":true,\"version\":\"9.4.2\",\"resolution\":\"D:\\\\doggesik.com\\\\doggesik-ng\\\\functions\\\\node_modules\\\\firebase-admin\\\\lib\\\\index.js\"}"}}
[debug] [2021-02-19T14:42:10.724Z] [runtime-status] [3860] Resolved module firebase-functions {"declared":true,"installed":true,"version":"3.13.1","resolution":"D:\\doggesik.com\\doggesik-ng\\functions\\node_modules\\firebase-functions\\lib\\index.js"} {"metadata":{"emulator":{"name":"functions"},"message":"[runtime-status] [3860] Resolved module firebase-functions {\"declared\":true,\"installed\":true,\"version\":\"3.13.1\",\"resolution\":\"D:\\\\doggesik.com\\\\doggesik-ng\\\\functions\\\\node_modules\\\\firebase-functions\\\\lib\\\\index.js\"}"}}
[debug] [2021-02-19T14:42:10.726Z] [runtime-status] [3860] Resolved module firebase-functions {"declared":true,"installed":true,"version":"3.13.1","resolution":"D:\\doggesik.com\\doggesik-ng\\functions\\node_modules\\firebase-functions\\lib\\index.js"} {"metadata":{"emulator":{"name":"functions"},"message":"[runtime-status] [3860] Resolved module firebase-functions {\"declared\":true,\"installed\":true,\"version\":\"3.13.1\",\"resolution\":\"D:\\\\doggesik.com\\\\doggesik-ng\\\\functions\\\\node_modules\\\\firebase-functions\\\\lib\\\\index.js\"}"}}
[debug] [2021-02-19T14:42:10.727Z] [runtime-status] [3860] Outgoing network have been stubbed. [{"name":"http","status":"mocked"},{"name":"http","status":"mocked"},{"name":"https","status":"mocked"},{"name":"https","status":"mocked"},{"name":"net","status":"mocked"}] {"metadata":{"emulator":{"name":"functions"},"message":"[runtime-status] [3860] Outgoing network have been stubbed. [{\"name\":\"http\",\"status\":\"mocked\"},{\"name\":\"http\",\"status\":\"mocked\"},{\"name\":\"https\",\"status\":\"mocked\"},{\"name\":\"https\",\"status\":\"mocked\"},{\"name\":\"net\",\"status\":\"mocked\"}]"}}
[debug] [2021-02-19T14:42:10.728Z] [runtime-status] [3860] Resolved module firebase-functions {"declared":true,"installed":true,"version":"3.13.1","resolution":"D:\\doggesik.com\\doggesik-ng\\functions\\node_modules\\firebase-functions\\lib\\index.js"} {"metadata":{"emulator":{"name":"functions"},"message":"[runtime-status] [3860] Resolved module firebase-functions {\"declared\":true,\"installed\":true,\"version\":\"3.13.1\",\"resolution\":\"D:\\\\doggesik.com\\\\doggesik-ng\\\\functions\\\\node_modules\\\\firebase-functions\\\\lib\\\\index.js\"}"}}
[debug] [2021-02-19T14:42:10.771Z] [runtime-status] [3860] Checked functions.config() {"config":{}} {"metadata":{"emulator":{"name":"functions"},"message":"[runtime-status] [3860] Checked functions.config() {\"config\":{}}"}}
[debug] [2021-02-19T14:42:10.771Z] [runtime-status] [3860] firebase-functions has been stubbed. {"functionsResolution":{"declared":true,"installed":true,"version":"3.13.1","resolution":"D:\\doggesik.com\\doggesik-ng\\functions\\node_modules\\firebase-functions\\lib\\index.js"}} {"metadata":{"emulator":{"name":"functions"},"message":"[runtime-status] [3860] firebase-functions has been stubbed. {\"functionsResolution\":{\"declared\":true,\"installed\":true,\"version\":\"3.13.1\",\"resolution\":\"D:\\\\doggesik.com\\\\doggesik-ng\\\\functions\\\\node_modules\\\\firebase-functions\\\\lib\\\\index.js\"}}"}}
[debug] [2021-02-19T14:42:10.772Z] [runtime-status] [3860] Resolved module firebase-functions {"declared":true,"installed":true,"version":"3.13.1","resolution":"D:\\doggesik.com\\doggesik-ng\\functions\\node_modules\\firebase-functions\\lib\\index.js"} {"metadata":{"emulator":{"name":"functions"},"message":"[runtime-status] [3860] Resolved module firebase-functions {\"declared\":true,\"installed\":true,\"version\":\"3.13.1\",\"resolution\":\"D:\\\\doggesik.com\\\\doggesik-ng\\\\functions\\\\node_modules\\\\firebase-functions\\\\lib\\\\index.js\"}"}}
[debug] [2021-02-19T14:42:10.773Z] [runtime-status] [3860] Resolved module firebase-admin {"declared":true,"installed":true,"version":"9.4.2","resolution":"D:\\doggesik.com\\doggesik-ng\\functions\\node_modules\\firebase-admin\\lib\\index.js"} {"metadata":{"emulator":{"name":"functions"},"message":"[runtime-status] [3860] Resolved module firebase-admin {\"declared\":true,\"installed\":true,\"version\":\"9.4.2\",\"resolution\":\"D:\\\\doggesik.com\\\\doggesik-ng\\\\functions\\\\node_modules\\\\firebase-admin\\\\lib\\\\index.js\"}"}}
[debug] [2021-02-19T14:42:10.773Z] [runtime-status] [3860] Resolved module firebase-functions {"declared":true,"installed":true,"version":"3.13.1","resolution":"D:\\doggesik.com\\doggesik-ng\\functions\\node_modules\\firebase-functions\\lib\\index.js"} {"metadata":{"emulator":{"name":"functions"},"message":"[runtime-status] [3860] Resolved module firebase-functions {\"declared\":true,\"installed\":true,\"version\":\"3.13.1\",\"resolution\":\"D:\\\\doggesik.com\\\\doggesik-ng\\\\functions\\\\node_modules\\\\firebase-functions\\\\lib\\\\index.js\"}"}}
[debug] [2021-02-19T14:42:10.774Z] [runtime-status] [3860] firebase-admin has been stubbed. {"adminResolution":{"declared":true,"installed":true,"version":"9.4.2","resolution":"D:\\doggesik.com\\doggesik-ng\\functions\\node_modules\\firebase-admin\\lib\\index.js"}} {"metadata":{"emulator":{"name":"functions"},"message":"[runtime-status] [3860] firebase-admin has been stubbed. {\"adminResolution\":{\"declared\":true,\"installed\":true,\"version\":\"9.4.2\",\"resolution\":\"D:\\\\doggesik.com\\\\doggesik-ng\\\\functions\\\\node_modules\\\\firebase-admin\\\\lib\\\\index.js\"}}"}}
[warn] !  Error: Cannot find module 'D:\doggesik.com\doggesik-ng\functions/dist/server'
Require stack:
- D:\doggesik.com\doggesik-ng\functions\lib\index.js
- C:\Users\Andrei\AppData\Roaming\npm\node_modules\firebase-tools\lib\emulator\functionsEmulatorRuntime.js
    at Function.Module._resolveFilename (internal/modules/cjs/loader.js:880:15)
    at Function.Module._load (internal/modules/cjs/loader.js:725:27)
    at Module.require (internal/modules/cjs/loader.js:952:19)
    at require (internal/modules/cjs/helpers.js:88:18)
    at Object.<anonymous> (D:\doggesik.com\doggesik-ng\functions\lib\index.js:12:19)
    at Module._compile (internal/modules/cjs/loader.js:1063:30)
    at Object.Module._extensions..js (internal/modules/cjs/loader.js:1092:10)
    at Module.load (internal/modules/cjs/loader.js:928:32)
    at Function.Module._load (internal/modules/cjs/loader.js:769:14)
    at Module.require (internal/modules/cjs/loader.js:952:19) {"metadata":{"emulator":{"name":"functions"},"message":"Error: Cannot find module 'D:\\doggesik.com\\doggesik-ng\\functions/dist/server'\nRequire stack:\n- D:\\doggesik.com\\doggesik-ng\\functions\\lib\\index.js\n- C:\\Users\\Andrei\\AppData\\Roaming\\npm\\node_modules\\firebase-tools\\lib\\emulator\\functionsEmulatorRuntime.js\n    at Function.Module._resolveFilename (internal/modules/cjs/loader.js:880:15)\n    at Function.Module._load (internal/modules/cjs/loader.js:725:27)\n    at Module.require (internal/modules/cjs/loader.js:952:19)\n    at require (internal/modules/cjs/helpers.js:88:18)\n    at Object.<anonymous> (D:\\doggesik.com\\doggesik-ng\\functions\\lib\\index.js:12:19)\n    at Module._compile (internal/modules/cjs/loader.js:1063:30)\n    at Object.Module._extensions..js (internal/modules/cjs/loader.js:1092:10)\n    at Module.load (internal/modules/cjs/loader.js:928:32)\n    at Function.Module._load (internal/modules/cjs/loader.js:769:14)\n    at Module.require (internal/modules/cjs/loader.js:952:19)"}}
[warn] !  We were unable to load your functions code. (see above)
   - It appears your code is written in Typescript, which must be compiled before emulation.
   - You may be able to run "npm run build" in your functions directory to resolve this. {"metadata":{"emulator":{"name":"functions"}}}
[debug] [2021-02-19T14:42:10.816Z] [worker-~diagnostic~-c1ad2f2e-297a-4492-84f6-0c503cab4e03]: exited {"metadata":{"emulator":{"name":"functions"},"message":"[worker-~diagnostic~-c1ad2f2e-297a-4492-84f6-0c503cab4e03]: exited"}}
[debug] [2021-02-19T14:42:10.816Z] [worker-~diagnostic~-c1ad2f2e-297a-4492-84f6-0c503cab4e03]: FINISHED {"metadata":{"emulator":{"name":"functions"},"message":"[worker-~diagnostic~-c1ad2f2e-297a-4492-84f6-0c503cab4e03]: FINISHED"}}
[debug] [2021-02-19T14:43:14.432Z] File D:\doggesik.com\doggesik-ng\functions\src\index.ts changed, reloading triggers {"metadata":{"emulator":{"name":"functions"},"message":"File D:\\doggesik.com\\doggesik-ng\\functions\\src\\index.ts changed, reloading triggers"}}
[debug] [2021-02-19T14:43:15.443Z] [worker-pool] Cleaned up workers for ~diagnostic~: 1 --> 0 {"metadata":{"emulator":{"name":"functions"},"message":"[worker-pool] Cleaned up workers for ~diagnostic~: 1 --> 0"}}
[debug] [2021-02-19T14:43:15.451Z] [worker-pool] addWorker(~diagnostic~) {"metadata":{"emulator":{"name":"functions"},"message":"[worker-pool] addWorker(~diagnostic~)"}}
[debug] [2021-02-19T14:43:15.451Z] [worker-pool] Adding worker with key ~diagnostic~, total=1 {"metadata":{"emulator":{"name":"functions"},"message":"[worker-pool] Adding worker with key ~diagnostic~, total=1"}}
[debug] [2021-02-19T14:43:15.451Z] [worker-pool] submitWork(triggerId=) {"metadata":{"emulator":{"name":"functions"},"message":"[worker-pool] submitWork(triggerId=)"}}
[debug] [2021-02-19T14:43:15.451Z] [worker-~diagnostic~-d7919cc0-ada2-4577-8762-dd74ee346910]: Assigning socketPath: \\?\pipe\D:\doggesik.com\doggesik-ng\functions\4336 {"metadata":{"emulator":{"name":"functions"},"message":"[worker-~diagnostic~-d7919cc0-ada2-4577-8762-dd74ee346910]: Assigning socketPath: \\\\?\\pipe\\D:\\doggesik.com\\doggesik-ng\\functions\\4336"}}
[debug] [2021-02-19T14:43:15.451Z] [worker-~diagnostic~-d7919cc0-ada2-4577-8762-dd74ee346910]: BUSY {"metadata":{"emulator":{"name":"functions"},"message":"[worker-~diagnostic~-d7919cc0-ada2-4577-8762-dd74ee346910]: BUSY"}}
[debug] [2021-02-19T14:43:15.749Z] [runtime-status] [4336] Functions runtime initialized. {"cwd":"D:\\doggesik.com\\doggesik-ng\\functions","node_version":"14.15.4"} {"metadata":{"emulator":{"name":"functions"},"message":"[runtime-status] [4336] Functions runtime initialized. {\"cwd\":\"D:\\\\doggesik.com\\\\doggesik-ng\\\\functions\",\"node_version\":\"14.15.4\"}"}}
[debug] [2021-02-19T14:43:15.763Z] [runtime-status] [4336] Disabled runtime features: undefined {"metadata":{"emulator":{"name":"functions"},"message":"[runtime-status] [4336] Disabled runtime features: undefined"}}
[debug] [2021-02-19T14:43:15.772Z] [runtime-status] [4336] Resolved module firebase-admin {"declared":true,"installed":true,"version":"9.4.2","resolution":"D:\\doggesik.com\\doggesik-ng\\functions\\node_modules\\firebase-admin\\lib\\index.js"} {"metadata":{"emulator":{"name":"functions"},"message":"[runtime-status] [4336] Resolved module firebase-admin {\"declared\":true,\"installed\":true,\"version\":\"9.4.2\",\"resolution\":\"D:\\\\doggesik.com\\\\doggesik-ng\\\\functions\\\\node_modules\\\\firebase-admin\\\\lib\\\\index.js\"}"}}
[debug] [2021-02-19T14:43:15.775Z] [runtime-status] [4336] Resolved module firebase-functions {"declared":true,"installed":true,"version":"3.13.1","resolution":"D:\\doggesik.com\\doggesik-ng\\functions\\node_modules\\firebase-functions\\lib\\index.js"} {"metadata":{"emulator":{"name":"functions"},"message":"[runtime-status] [4336] Resolved module firebase-functions {\"declared\":true,\"installed\":true,\"version\":\"3.13.1\",\"resolution\":\"D:\\\\doggesik.com\\\\doggesik-ng\\\\functions\\\\node_modules\\\\firebase-functions\\\\lib\\\\index.js\"}"}}
[debug] [2021-02-19T14:43:15.779Z] [runtime-status] [4336] Resolved module firebase-functions {"declared":true,"installed":true,"version":"3.13.1","resolution":"D:\\doggesik.com\\doggesik-ng\\functions\\node_modules\\firebase-functions\\lib\\index.js"} {"metadata":{"emulator":{"name":"functions"},"message":"[runtime-status] [4336] Resolved module firebase-functions {\"declared\":true,\"installed\":true,\"version\":\"3.13.1\",\"resolution\":\"D:\\\\doggesik.com\\\\doggesik-ng\\\\functions\\\\node_modules\\\\firebase-functions\\\\lib\\\\index.js\"}"}}
[debug] [2021-02-19T14:43:15.784Z] [runtime-status] [4336] Outgoing network have been stubbed. [{"name":"http","status":"mocked"},{"name":"http","status":"mocked"},{"name":"https","status":"mocked"},{"name":"https","status":"mocked"},{"name":"net","status":"mocked"}] {"metadata":{"emulator":{"name":"functions"},"message":"[runtime-status] [4336] Outgoing network have been stubbed. [{\"name\":\"http\",\"status\":\"mocked\"},{\"name\":\"http\",\"status\":\"mocked\"},{\"name\":\"https\",\"status\":\"mocked\"},{\"name\":\"https\",\"status\":\"mocked\"},{\"name\":\"net\",\"status\":\"mocked\"}]"}}
[debug] [2021-02-19T14:43:15.785Z] [runtime-status] [4336] Resolved module firebase-functions {"declared":true,"installed":true,"version":"3.13.1","resolution":"D:\\doggesik.com\\doggesik-ng\\functions\\node_modules\\firebase-functions\\lib\\index.js"} {"metadata":{"emulator":{"name":"functions"},"message":"[runtime-status] [4336] Resolved module firebase-functions {\"declared\":true,\"installed\":true,\"version\":\"3.13.1\",\"resolution\":\"D:\\\\doggesik.com\\\\doggesik-ng\\\\functions\\\\node_modules\\\\firebase-functions\\\\lib\\\\index.js\"}"}}
[debug] [2021-02-19T14:43:15.859Z] [runtime-status] [4336] Checked functions.config() {"config":{}} {"metadata":{"emulator":{"name":"functions"},"message":"[runtime-status] [4336] Checked functions.config() {\"config\":{}}"}}
[debug] [2021-02-19T14:43:15.859Z] [runtime-status] [4336] firebase-functions has been stubbed. {"functionsResolution":{"declared":true,"installed":true,"version":"3.13.1","resolution":"D:\\doggesik.com\\doggesik-ng\\functions\\node_modules\\firebase-functions\\lib\\index.js"}} {"metadata":{"emulator":{"name":"functions"},"message":"[runtime-status] [4336] firebase-functions has been stubbed. {\"functionsResolution\":{\"declared\":true,\"installed\":true,\"version\":\"3.13.1\",\"resolution\":\"D:\\\\doggesik.com\\\\doggesik-ng\\\\functions\\\\node_modules\\\\firebase-functions\\\\lib\\\\index.js\"}}"}}
[debug] [2021-02-19T14:43:15.860Z] [runtime-status] [4336] Resolved module firebase-functions {"declared":true,"installed":true,"version":"3.13.1","resolution":"D:\\doggesik.com\\doggesik-ng\\functions\\node_modules\\firebase-functions\\lib\\index.js"} {"metadata":{"emulator":{"name":"functions"},"message":"[runtime-status] [4336] Resolved module firebase-functions {\"declared\":true,\"installed\":true,\"version\":\"3.13.1\",\"resolution\":\"D:\\\\doggesik.com\\\\doggesik-ng\\\\functions\\\\node_modules\\\\firebase-functions\\\\lib\\\\index.js\"}"}}
[debug] [2021-02-19T14:43:15.864Z] [runtime-status] [4336] Resolved module firebase-admin {"declared":true,"installed":true,"version":"9.4.2","resolution":"D:\\doggesik.com\\doggesik-ng\\functions\\node_modules\\firebase-admin\\lib\\index.js"} {"metadata":{"emulator":{"name":"functions"},"message":"[runtime-status] [4336] Resolved module firebase-admin {\"declared\":true,\"installed\":true,\"version\":\"9.4.2\",\"resolution\":\"D:\\\\doggesik.com\\\\doggesik-ng\\\\functions\\\\node_modules\\\\firebase-admin\\\\lib\\\\index.js\"}"}}
[debug] [2021-02-19T14:43:15.866Z] [runtime-status] [4336] Resolved module firebase-functions {"declared":true,"installed":true,"version":"3.13.1","resolution":"D:\\doggesik.com\\doggesik-ng\\functions\\node_modules\\firebase-functions\\lib\\index.js"} {"metadata":{"emulator":{"name":"functions"},"message":"[runtime-status] [4336] Resolved module firebase-functions {\"declared\":true,\"installed\":true,\"version\":\"3.13.1\",\"resolution\":\"D:\\\\doggesik.com\\\\doggesik-ng\\\\functions\\\\node_modules\\\\firebase-functions\\\\lib\\\\index.js\"}"}}
[debug] [2021-02-19T14:43:15.867Z] [runtime-status] [4336] firebase-admin has been stubbed. {"adminResolution":{"declared":true,"installed":true,"version":"9.4.2","resolution":"D:\\doggesik.com\\doggesik-ng\\functions\\node_modules\\firebase-admin\\lib\\index.js"}} {"metadata":{"emulator":{"name":"functions"},"message":"[runtime-status] [4336] firebase-admin has been stubbed. {\"adminResolution\":{\"declared\":true,\"installed\":true,\"version\":\"9.4.2\",\"resolution\":\"D:\\\\doggesik.com\\\\doggesik-ng\\\\functions\\\\node_modules\\\\firebase-admin\\\\lib\\\\index.js\"}}"}}
[warn] !  Error: Cannot find module 'D:\doggesik.com\doggesik-ng\functions/dist/server'
Require stack:
- D:\doggesik.com\doggesik-ng\functions\lib\index.js
- C:\Users\Andrei\AppData\Roaming\npm\node_modules\firebase-tools\lib\emulator\functionsEmulatorRuntime.js
    at Function.Module._resolveFilename (internal/modules/cjs/loader.js:880:15)
    at Function.Module._load (internal/modules/cjs/loader.js:725:27)
    at Module.require (internal/modules/cjs/loader.js:952:19)
    at require (internal/modules/cjs/helpers.js:88:18)
    at Object.<anonymous> (D:\doggesik.com\doggesik-ng\functions\lib\index.js:12:19)
    at Module._compile (internal/modules/cjs/loader.js:1063:30)
    at Object.Module._extensions..js (internal/modules/cjs/loader.js:1092:10)
    at Module.load (internal/modules/cjs/loader.js:928:32)
    at Function.Module._load (internal/modules/cjs/loader.js:769:14)
    at Module.require (internal/modules/cjs/loader.js:952:19) {"metadata":{"emulator":{"name":"functions"},"message":"Error: Cannot find module 'D:\\doggesik.com\\doggesik-ng\\functions/dist/server'\nRequire stack:\n- D:\\doggesik.com\\doggesik-ng\\functions\\lib\\index.js\n- C:\\Users\\Andrei\\AppData\\Roaming\\npm\\node_modules\\firebase-tools\\lib\\emulator\\functionsEmulatorRuntime.js\n    at Function.Module._resolveFilename (internal/modules/cjs/loader.js:880:15)\n    at Function.Module._load (internal/modules/cjs/loader.js:725:27)\n    at Module.require (internal/modules/cjs/loader.js:952:19)\n    at require (internal/modules/cjs/helpers.js:88:18)\n    at Object.<anonymous> (D:\\doggesik.com\\doggesik-ng\\functions\\lib\\index.js:12:19)\n    at Module._compile (internal/modules/cjs/loader.js:1063:30)\n    at Object.Module._extensions..js (internal/modules/cjs/loader.js:1092:10)\n    at Module.load (internal/modules/cjs/loader.js:928:32)\n    at Function.Module._load (internal/modules/cjs/loader.js:769:14)\n    at Module.require (internal/modules/cjs/loader.js:952:19)"}}
[warn] !  We were unable to load your functions code. (see above)
   - It appears your code is written in Typescript, which must be compiled before emulation.
   - You may be able to run "npm run build" in your functions directory to resolve this. {"metadata":{"emulator":{"name":"functions"}}}
[debug] [2021-02-19T14:43:16.042Z] [worker-~diagnostic~-d7919cc0-ada2-4577-8762-dd74ee346910]: exited {"metadata":{"emulator":{"name":"functions"},"message":"[worker-~diagnostic~-d7919cc0-ada2-4577-8762-dd74ee346910]: exited"}}
[debug] [2021-02-19T14:43:16.042Z] [worker-~diagnostic~-d7919cc0-ada2-4577-8762-dd74ee346910]: FINISHED {"metadata":{"emulator":{"name":"functions"},"message":"[worker-~diagnostic~-d7919cc0-ada2-4577-8762-dd74ee346910]: FINISHED"}}
[debug] [2021-02-19T14:43:27.424Z] ----------------------------------------------------------------------
[debug] [2021-02-19T14:43:27.426Z] Command:       C:\Program Files\nodejs\node.exe C:\Users\Andrei\AppData\Roaming\npm\node_modules\firebase-tools\lib\bin\firebase.js serve
[debug] [2021-02-19T14:43:27.426Z] CLI Version:   9.2.2
[debug] [2021-02-19T14:43:27.426Z] Platform:      win32
[debug] [2021-02-19T14:43:27.426Z] Node Version:  v14.15.4
[debug] [2021-02-19T14:43:27.427Z] Time:          Fri Feb 19 2021 16:43:27 GMT+0200 (Eastern European Standard Time)
[debug] [2021-02-19T14:43:27.427Z] ----------------------------------------------------------------------
[debug] [2021-02-19T14:43:27.427Z] 
[debug] [2021-02-19T14:43:27.434Z] > command requires scopes: ["email","openid","https://www.googleapis.com/auth/cloudplatformprojects.readonly","https://www.googleapis.com/auth/firebase","https://www.googleapis.com/auth/cloud-platform"]
[debug] [2021-02-19T14:43:27.434Z] > authorizing via signed-in user
[debug] [2021-02-19T14:43:27.435Z] [iam] checking project doggesik-6cee1 for permissions ["firebase.projects.get"]
[debug] [2021-02-19T14:43:27.437Z] > refreshing access token with scopes: ["email","https://www.googleapis.com/auth/cloud-platform","https://www.googleapis.com/auth/cloudplatformprojects.readonly","https://www.googleapis.com/auth/firebase","openid"]
[debug] [2021-02-19T14:43:27.437Z] >>> HTTP REQUEST POST https://www.googleapis.com/oauth2/v3/token  
 <request body omitted>
[debug] [2021-02-19T14:43:27.676Z] <<< HTTP RESPONSE 200 {"pragma":"no-cache","date":"Fri, 19 Feb 2021 14:43:26 GMT","expires":"Mon, 01 Jan 1990 00:00:00 GMT","cache-control":"no-cache, no-store, max-age=0, must-revalidate","content-type":"application/json; charset=utf-8","vary":"X-Origin, Referer, Origin,Accept-Encoding","server":"scaffolding on HTTPServer2","x-xss-protection":"0","x-frame-options":"SAMEORIGIN","x-content-type-options":"nosniff","alt-svc":"h3-29=\":443\"; ma=2592000,h3-T051=\":443\"; ma=2592000,h3-Q050=\":443\"; ma=2592000,h3-Q046=\":443\"; ma=2592000,h3-Q043=\":443\"; ma=2592000,quic=\":443\"; ma=2592000; v=\"46,43\"","accept-ranges":"none","transfer-encoding":"chunked"}
[debug] [2021-02-19T14:43:27.690Z] >>> HTTP REQUEST POST https://cloudresourcemanager.googleapis.com/v1/projects/doggesik-6cee1:testIamPermissions  
 {"permissions":["firebase.projects.get"]}
[debug] [2021-02-19T14:43:28.520Z] <<< HTTP RESPONSE 200 {"content-type":"application/json; charset=UTF-8","vary":"X-Origin, Referer, Origin,Accept-Encoding","date":"Fri, 19 Feb 2021 14:43:27 GMT","server":"ESF","cache-control":"private","x-xss-protection":"0","x-frame-options":"SAMEORIGIN","x-content-type-options":"nosniff","server-timing":"gfet4t7; dur=662","alt-svc":"h3-29=\":443\"; ma=2592000,h3-T051=\":443\"; ma=2592000,h3-Q050=\":443\"; ma=2592000,h3-Q046=\":443\"; ma=2592000,h3-Q043=\":443\"; ma=2592000,quic=\":443\"; ma=2592000; v=\"46,43\"","accept-ranges":"none","transfer-encoding":"chunked"}
[debug] [2021-02-19T14:43:28.522Z] > refreshing access token with scopes: []
[debug] [2021-02-19T14:43:28.522Z] >>> HTTP REQUEST POST https://www.googleapis.com/oauth2/v3/token  
 <request body omitted>
[debug] [2021-02-19T14:43:28.719Z] <<< HTTP RESPONSE 200 {"pragma":"no-cache","date":"Fri, 19 Feb 2021 14:43:27 GMT","expires":"Mon, 01 Jan 1990 00:00:00 GMT","cache-control":"no-cache, no-store, max-age=0, must-revalidate","content-type":"application/json; charset=utf-8","vary":"X-Origin, Referer, Origin,Accept-Encoding","server":"scaffolding on HTTPServer2","x-xss-protection":"0","x-frame-options":"SAMEORIGIN","x-content-type-options":"nosniff","alt-svc":"h3-29=\":443\"; ma=2592000,h3-T051=\":443\"; ma=2592000,h3-Q050=\":443\"; ma=2592000,h3-Q046=\":443\"; ma=2592000,h3-Q043=\":443\"; ma=2592000,quic=\":443\"; ma=2592000; v=\"46,43\"","accept-ranges":"none","transfer-encoding":"chunked"}
[debug] [2021-02-19T14:43:28.725Z] >>> [apiv2][query] GET https://firebase.googleapis.com/v1beta1/projects/doggesik-6cee1 [none]
[debug] [2021-02-19T14:43:29.022Z] <<< [apiv2][status] GET https://firebase.googleapis.com/v1beta1/projects/doggesik-6cee1 200
[debug] [2021-02-19T14:43:29.022Z] <<< [apiv2][body] GET https://firebase.googleapis.com/v1beta1/projects/doggesik-6cee1 {"projectId":"doggesik-6cee1","projectNumber":"1097100126835","displayName":"doggesik","name":"projects/doggesik-6cee1","resources":{"hostingSite":"doggesik-6cee1","storageBucket":"doggesik-6cee1.appspot.com","locationId":"us-central"},"state":"ACTIVE"}
[info] 
[info] === Serving from 'D:\doggesik.com\doggesik-ng'...
[info] 
[debug] [2021-02-19T14:43:29.027Z] >>> [apiv2][query] GET https://firebase.googleapis.com/v1beta1/projects/doggesik-6cee1/webApps/-/config [none]
[warn] !  Your requested "node" version "12" doesn't match your global version "14" {"metadata":{"emulator":{"name":"functions"},"message":"Your requested \"node\" version \"12\" doesn't match your global version \"14\""}}
[debug] [2021-02-19T14:43:29.035Z] defaultcredentials: writing to file C:\Users\Andrei\AppData\Roaming\firebase\doggesik_gmail_com_application_default_credentials.json
[debug] [2021-02-19T14:43:29.036Z] Setting GAC to C:\Users\Andrei\AppData\Roaming\firebase\doggesik_gmail_com_application_default_credentials.json {"metadata":{"emulator":{"name":"functions"},"message":"Setting GAC to C:\\Users\\Andrei\\AppData\\Roaming\\firebase\\doggesik_gmail_com_application_default_credentials.json"}}
[debug] [2021-02-19T14:43:29.036Z] >>> [apiv2][query] GET https://firebase.googleapis.com/v1beta1/projects/doggesik-6cee1/adminSdkConfig [none]
[debug] [2021-02-19T14:43:29.481Z] <<< [apiv2][status] GET https://firebase.googleapis.com/v1beta1/projects/doggesik-6cee1/adminSdkConfig 200
[debug] [2021-02-19T14:43:29.481Z] <<< [apiv2][body] GET https://firebase.googleapis.com/v1beta1/projects/doggesik-6cee1/adminSdkConfig {"projectId":"doggesik-6cee1","storageBucket":"doggesik-6cee1.appspot.com","locationId":"us-central"}
[debug] [2021-02-19T14:43:29.817Z] <<< [apiv2][status] GET https://firebase.googleapis.com/v1beta1/projects/doggesik-6cee1/webApps/-/config 200
[debug] [2021-02-19T14:43:29.818Z] <<< [apiv2][body] GET https://firebase.googleapis.com/v1beta1/projects/doggesik-6cee1/webApps/-/config {"projectId":"doggesik-6cee1","appId":"1:1097100126835:web:27ecffacacf01348849806","storageBucket":"doggesik-6cee1.appspot.com","locationId":"us-central","apiKey":"AIzaSyDYdMShOzh6XV97Eacc7esqhBftyTGUECo","authDomain":"doggesik-6cee1.firebaseapp.com","messagingSenderId":"1097100126835","measurementId":"G-9XSR535HZ7"}
[info] i  functions: Watching "D:\doggesik.com\doggesik-ng\functions" for Cloud Functions... {"metadata":{"emulator":{"name":"functions"},"message":"Watching \"D:\\doggesik.com\\doggesik-ng\\functions\" for Cloud Functions..."}}
[debug] [2021-02-19T14:43:29.862Z] [worker-pool] addWorker(~diagnostic~) {"metadata":{"emulator":{"name":"functions"},"message":"[worker-pool] addWorker(~diagnostic~)"}}
[debug] [2021-02-19T14:43:29.862Z] [worker-pool] Adding worker with key ~diagnostic~, total=1 {"metadata":{"emulator":{"name":"functions"},"message":"[worker-pool] Adding worker with key ~diagnostic~, total=1"}}
[debug] [2021-02-19T14:43:29.862Z] [worker-pool] submitWork(triggerId=) {"metadata":{"emulator":{"name":"functions"},"message":"[worker-pool] submitWork(triggerId=)"}}
[debug] [2021-02-19T14:43:29.863Z] [worker-~diagnostic~-32dc17fe-ebbf-4250-bc28-75bca3876f3c]: Assigning socketPath: \\?\pipe\D:\doggesik.com\doggesik-ng\functions\468 {"metadata":{"emulator":{"name":"functions"},"message":"[worker-~diagnostic~-32dc17fe-ebbf-4250-bc28-75bca3876f3c]: Assigning socketPath: \\\\?\\pipe\\D:\\doggesik.com\\doggesik-ng\\functions\\468"}}
[debug] [2021-02-19T14:43:29.863Z] [worker-~diagnostic~-32dc17fe-ebbf-4250-bc28-75bca3876f3c]: BUSY {"metadata":{"emulator":{"name":"functions"},"message":"[worker-~diagnostic~-32dc17fe-ebbf-4250-bc28-75bca3876f3c]: BUSY"}}
[info] i  hosting: Serving hosting files from: dist/browser {"metadata":{"emulator":{"name":"hosting"},"message":"Serving hosting files from: \u001b[1mdist/browser\u001b[22m"}}
[info] +  hosting: Local server: http://localhost:5000 {"metadata":{"emulator":{"name":"hosting"},"message":"Local server: \u001b[4m\u001b[1mhttp://localhost:5000\u001b[22m\u001b[24m"}}
[debug] [2021-02-19T14:43:30.071Z] [runtime-status] [468] Functions runtime initialized. {"cwd":"D:\\doggesik.com\\doggesik-ng\\functions","node_version":"14.15.4"} {"metadata":{"emulator":{"name":"functions"},"message":"[runtime-status] [468] Functions runtime initialized. {\"cwd\":\"D:\\\\doggesik.com\\\\doggesik-ng\\\\functions\",\"node_version\":\"14.15.4\"}"}}
[debug] [2021-02-19T14:43:30.072Z] [runtime-status] [468] Disabled runtime features: undefined {"metadata":{"emulator":{"name":"functions"},"message":"[runtime-status] [468] Disabled runtime features: undefined"}}
[debug] [2021-02-19T14:43:30.075Z] [runtime-status] [468] Resolved module firebase-admin {"declared":true,"installed":true,"version":"9.4.2","resolution":"D:\\doggesik.com\\doggesik-ng\\functions\\node_modules\\firebase-admin\\lib\\index.js"} {"metadata":{"emulator":{"name":"functions"},"message":"[runtime-status] [468] Resolved module firebase-admin {\"declared\":true,\"installed\":true,\"version\":\"9.4.2\",\"resolution\":\"D:\\\\doggesik.com\\\\doggesik-ng\\\\functions\\\\node_modules\\\\firebase-admin\\\\lib\\\\index.js\"}"}}
[debug] [2021-02-19T14:43:30.076Z] [runtime-status] [468] Resolved module firebase-functions {"declared":true,"installed":true,"version":"3.13.1","resolution":"D:\\doggesik.com\\doggesik-ng\\functions\\node_modules\\firebase-functions\\lib\\index.js"} {"metadata":{"emulator":{"name":"functions"},"message":"[runtime-status] [468] Resolved module firebase-functions {\"declared\":true,\"installed\":true,\"version\":\"3.13.1\",\"resolution\":\"D:\\\\doggesik.com\\\\doggesik-ng\\\\functions\\\\node_modules\\\\firebase-functions\\\\lib\\\\index.js\"}"}}
[debug] [2021-02-19T14:43:30.078Z] [runtime-status] [468] Resolved module firebase-functions {"declared":true,"installed":true,"version":"3.13.1","resolution":"D:\\doggesik.com\\doggesik-ng\\functions\\node_modules\\firebase-functions\\lib\\index.js"} {"metadata":{"emulator":{"name":"functions"},"message":"[runtime-status] [468] Resolved module firebase-functions {\"declared\":true,\"installed\":true,\"version\":\"3.13.1\",\"resolution\":\"D:\\\\doggesik.com\\\\doggesik-ng\\\\functions\\\\node_modules\\\\firebase-functions\\\\lib\\\\index.js\"}"}}
[debug] [2021-02-19T14:43:30.080Z] [runtime-status] [468] Outgoing network have been stubbed. [{"name":"http","status":"mocked"},{"name":"http","status":"mocked"},{"name":"https","status":"mocked"},{"name":"https","status":"mocked"},{"name":"net","status":"mocked"}] {"metadata":{"emulator":{"name":"functions"},"message":"[runtime-status] [468] Outgoing network have been stubbed. [{\"name\":\"http\",\"status\":\"mocked\"},{\"name\":\"http\",\"status\":\"mocked\"},{\"name\":\"https\",\"status\":\"mocked\"},{\"name\":\"https\",\"status\":\"mocked\"},{\"name\":\"net\",\"status\":\"mocked\"}]"}}
[debug] [2021-02-19T14:43:30.080Z] [runtime-status] [468] Resolved module firebase-functions {"declared":true,"installed":true,"version":"3.13.1","resolution":"D:\\doggesik.com\\doggesik-ng\\functions\\node_modules\\firebase-functions\\lib\\index.js"} {"metadata":{"emulator":{"name":"functions"},"message":"[runtime-status] [468] Resolved module firebase-functions {\"declared\":true,\"installed\":true,\"version\":\"3.13.1\",\"resolution\":\"D:\\\\doggesik.com\\\\doggesik-ng\\\\functions\\\\node_modules\\\\firebase-functions\\\\lib\\\\index.js\"}"}}
[debug] [2021-02-19T14:43:30.120Z] [runtime-status] [468] Checked functions.config() {"config":{}} {"metadata":{"emulator":{"name":"functions"},"message":"[runtime-status] [468] Checked functions.config() {\"config\":{}}"}}
[debug] [2021-02-19T14:43:30.121Z] [runtime-status] [468] firebase-functions has been stubbed. {"functionsResolution":{"declared":true,"installed":true,"version":"3.13.1","resolution":"D:\\doggesik.com\\doggesik-ng\\functions\\node_modules\\firebase-functions\\lib\\index.js"}} {"metadata":{"emulator":{"name":"functions"},"message":"[runtime-status] [468] firebase-functions has been stubbed. {\"functionsResolution\":{\"declared\":true,\"installed\":true,\"version\":\"3.13.1\",\"resolution\":\"D:\\\\doggesik.com\\\\doggesik-ng\\\\functions\\\\node_modules\\\\firebase-functions\\\\lib\\\\index.js\"}}"}}
[debug] [2021-02-19T14:43:30.121Z] [runtime-status] [468] Resolved module firebase-functions {"declared":true,"installed":true,"version":"3.13.1","resolution":"D:\\doggesik.com\\doggesik-ng\\functions\\node_modules\\firebase-functions\\lib\\index.js"} {"metadata":{"emulator":{"name":"functions"},"message":"[runtime-status] [468] Resolved module firebase-functions {\"declared\":true,\"installed\":true,\"version\":\"3.13.1\",\"resolution\":\"D:\\\\doggesik.com\\\\doggesik-ng\\\\functions\\\\node_modules\\\\firebase-functions\\\\lib\\\\index.js\"}"}}
[debug] [2021-02-19T14:43:30.122Z] [runtime-status] [468] Resolved module firebase-admin {"declared":true,"installed":true,"version":"9.4.2","resolution":"D:\\doggesik.com\\doggesik-ng\\functions\\node_modules\\firebase-admin\\lib\\index.js"} {"metadata":{"emulator":{"name":"functions"},"message":"[runtime-status] [468] Resolved module firebase-admin {\"declared\":true,\"installed\":true,\"version\":\"9.4.2\",\"resolution\":\"D:\\\\doggesik.com\\\\doggesik-ng\\\\functions\\\\node_modules\\\\firebase-admin\\\\lib\\\\index.js\"}"}}
[debug] [2021-02-19T14:43:30.123Z] [runtime-status] [468] Resolved module firebase-functions {"declared":true,"installed":true,"version":"3.13.1","resolution":"D:\\doggesik.com\\doggesik-ng\\functions\\node_modules\\firebase-functions\\lib\\index.js"} {"metadata":{"emulator":{"name":"functions"},"message":"[runtime-status] [468] Resolved module firebase-functions {\"declared\":true,\"installed\":true,\"version\":\"3.13.1\",\"resolution\":\"D:\\\\doggesik.com\\\\doggesik-ng\\\\functions\\\\node_modules\\\\firebase-functions\\\\lib\\\\index.js\"}"}}
[debug] [2021-02-19T14:43:30.123Z] [runtime-status] [468] firebase-admin has been stubbed. {"adminResolution":{"declared":true,"installed":true,"version":"9.4.2","resolution":"D:\\doggesik.com\\doggesik-ng\\functions\\node_modules\\firebase-admin\\lib\\index.js"}} {"metadata":{"emulator":{"name":"functions"},"message":"[runtime-status] [468] firebase-admin has been stubbed. {\"adminResolution\":{\"declared\":true,\"installed\":true,\"version\":\"9.4.2\",\"resolution\":\"D:\\\\doggesik.com\\\\doggesik-ng\\\\functions\\\\node_modules\\\\firebase-admin\\\\lib\\\\index.js\"}}"}}
[warn] !  Error: Cannot find module 'D:\doggesik.com\doggesik-ng\functions/dist/server'
Require stack:
- D:\doggesik.com\doggesik-ng\functions\lib\index.js
- C:\Users\Andrei\AppData\Roaming\npm\node_modules\firebase-tools\lib\emulator\functionsEmulatorRuntime.js
    at Function.Module._resolveFilename (internal/modules/cjs/loader.js:880:15)
    at Function.Module._load (internal/modules/cjs/loader.js:725:27)
    at Module.require (internal/modules/cjs/loader.js:952:19)
    at require (internal/modules/cjs/helpers.js:88:18)
    at Object.<anonymous> (D:\doggesik.com\doggesik-ng\functions\lib\index.js:12:19)
    at Module._compile (internal/modules/cjs/loader.js:1063:30)
    at Object.Module._extensions..js (internal/modules/cjs/loader.js:1092:10)
    at Module.load (internal/modules/cjs/loader.js:928:32)
    at Function.Module._load (internal/modules/cjs/loader.js:769:14)
    at Module.require (internal/modules/cjs/loader.js:952:19) {"metadata":{"emulator":{"name":"functions"},"message":"Error: Cannot find module 'D:\\doggesik.com\\doggesik-ng\\functions/dist/server'\nRequire stack:\n- D:\\doggesik.com\\doggesik-ng\\functions\\lib\\index.js\n- C:\\Users\\Andrei\\AppData\\Roaming\\npm\\node_modules\\firebase-tools\\lib\\emulator\\functionsEmulatorRuntime.js\n    at Function.Module._resolveFilename (internal/modules/cjs/loader.js:880:15)\n    at Function.Module._load (internal/modules/cjs/loader.js:725:27)\n    at Module.require (internal/modules/cjs/loader.js:952:19)\n    at require (internal/modules/cjs/helpers.js:88:18)\n    at Object.<anonymous> (D:\\doggesik.com\\doggesik-ng\\functions\\lib\\index.js:12:19)\n    at Module._compile (internal/modules/cjs/loader.js:1063:30)\n    at Object.Module._extensions..js (internal/modules/cjs/loader.js:1092:10)\n    at Module.load (internal/modules/cjs/loader.js:928:32)\n    at Function.Module._load (internal/modules/cjs/loader.js:769:14)\n    at Module.require (internal/modules/cjs/loader.js:952:19)"}}
[warn] !  We were unable to load your functions code. (see above)
   - It appears your code is written in Typescript, which must be compiled before emulation.
   - You may be able to run "npm run build" in your functions directory to resolve this. {"metadata":{"emulator":{"name":"functions"}}}
[debug] [2021-02-19T14:43:30.151Z] [worker-~diagnostic~-32dc17fe-ebbf-4250-bc28-75bca3876f3c]: exited {"metadata":{"emulator":{"name":"functions"},"message":"[worker-~diagnostic~-32dc17fe-ebbf-4250-bc28-75bca3876f3c]: exited"}}
[debug] [2021-02-19T14:43:30.151Z] [worker-~diagnostic~-32dc17fe-ebbf-4250-bc28-75bca3876f3c]: FINISHED {"metadata":{"emulator":{"name":"functions"},"message":"[worker-~diagnostic~-32dc17fe-ebbf-4250-bc28-75bca3876f3c]: FINISHED"}}
[debug] [2021-02-19T14:43:43.170Z] File D:\doggesik.com\doggesik-ng\functions\src\index.ts changed, reloading triggers {"metadata":{"emulator":{"name":"functions"},"message":"File D:\\doggesik.com\\doggesik-ng\\functions\\src\\index.ts changed, reloading triggers"}}
[debug] [2021-02-19T14:43:44.182Z] [worker-pool] Cleaned up workers for ~diagnostic~: 1 --> 0 {"metadata":{"emulator":{"name":"functions"},"message":"[worker-pool] Cleaned up workers for ~diagnostic~: 1 --> 0"}}
[debug] [2021-02-19T14:43:44.191Z] [worker-pool] addWorker(~diagnostic~) {"metadata":{"emulator":{"name":"functions"},"message":"[worker-pool] addWorker(~diagnostic~)"}}
[debug] [2021-02-19T14:43:44.192Z] [worker-pool] Adding worker with key ~diagnostic~, total=1 {"metadata":{"emulator":{"name":"functions"},"message":"[worker-pool] Adding worker with key ~diagnostic~, total=1"}}
[debug] [2021-02-19T14:43:44.192Z] [worker-pool] submitWork(triggerId=) {"metadata":{"emulator":{"name":"functions"},"message":"[worker-pool] submitWork(triggerId=)"}}
[debug] [2021-02-19T14:43:44.192Z] [worker-~diagnostic~-b4b4ffd4-98cc-46e6-93c2-60407ba2c9f2]: Assigning socketPath: \\?\pipe\D:\doggesik.com\doggesik-ng\functions\12500 {"metadata":{"emulator":{"name":"functions"},"message":"[worker-~diagnostic~-b4b4ffd4-98cc-46e6-93c2-60407ba2c9f2]: Assigning socketPath: \\\\?\\pipe\\D:\\doggesik.com\\doggesik-ng\\functions\\12500"}}
[debug] [2021-02-19T14:43:44.193Z] [worker-~diagnostic~-b4b4ffd4-98cc-46e6-93c2-60407ba2c9f2]: BUSY {"metadata":{"emulator":{"name":"functions"},"message":"[worker-~diagnostic~-b4b4ffd4-98cc-46e6-93c2-60407ba2c9f2]: BUSY"}}
[debug] [2021-02-19T14:43:44.456Z] [runtime-status] [12500] Functions runtime initialized. {"cwd":"D:\\doggesik.com\\doggesik-ng\\functions","node_version":"14.15.4"} {"metadata":{"emulator":{"name":"functions"},"message":"[runtime-status] [12500] Functions runtime initialized. {\"cwd\":\"D:\\\\doggesik.com\\\\doggesik-ng\\\\functions\",\"node_version\":\"14.15.4\"}"}}
[debug] [2021-02-19T14:43:44.459Z] [runtime-status] [12500] Disabled runtime features: undefined {"metadata":{"emulator":{"name":"functions"},"message":"[runtime-status] [12500] Disabled runtime features: undefined"}}
[debug] [2021-02-19T14:43:44.462Z] [runtime-status] [12500] Resolved module firebase-admin {"declared":true,"installed":true,"version":"9.4.2","resolution":"D:\\doggesik.com\\doggesik-ng\\functions\\node_modules\\firebase-admin\\lib\\index.js"} {"metadata":{"emulator":{"name":"functions"},"message":"[runtime-status] [12500] Resolved module firebase-admin {\"declared\":true,\"installed\":true,\"version\":\"9.4.2\",\"resolution\":\"D:\\\\doggesik.com\\\\doggesik-ng\\\\functions\\\\node_modules\\\\firebase-admin\\\\lib\\\\index.js\"}"}}
[debug] [2021-02-19T14:43:44.463Z] [runtime-status] [12500] Resolved module firebase-functions {"declared":true,"installed":true,"version":"3.13.1","resolution":"D:\\doggesik.com\\doggesik-ng\\functions\\node_modules\\firebase-functions\\lib\\index.js"} {"metadata":{"emulator":{"name":"functions"},"message":"[runtime-status] [12500] Resolved module firebase-functions {\"declared\":true,\"installed\":true,\"version\":\"3.13.1\",\"resolution\":\"D:\\\\doggesik.com\\\\doggesik-ng\\\\functions\\\\node_modules\\\\firebase-functions\\\\lib\\\\index.js\"}"}}
[debug] [2021-02-19T14:43:44.465Z] [runtime-status] [12500] Resolved module firebase-functions {"declared":true,"installed":true,"version":"3.13.1","resolution":"D:\\doggesik.com\\doggesik-ng\\functions\\node_modules\\firebase-functions\\lib\\index.js"} {"metadata":{"emulator":{"name":"functions"},"message":"[runtime-status] [12500] Resolved module firebase-functions {\"declared\":true,\"installed\":true,\"version\":\"3.13.1\",\"resolution\":\"D:\\\\doggesik.com\\\\doggesik-ng\\\\functions\\\\node_modules\\\\firebase-functions\\\\lib\\\\index.js\"}"}}
[debug] [2021-02-19T14:43:44.467Z] [runtime-status] [12500] Outgoing network have been stubbed. [{"name":"http","status":"mocked"},{"name":"http","status":"mocked"},{"name":"https","status":"mocked"},{"name":"https","status":"mocked"},{"name":"net","status":"mocked"}] {"metadata":{"emulator":{"name":"functions"},"message":"[runtime-status] [12500] Outgoing network have been stubbed. [{\"name\":\"http\",\"status\":\"mocked\"},{\"name\":\"http\",\"status\":\"mocked\"},{\"name\":\"https\",\"status\":\"mocked\"},{\"name\":\"https\",\"status\":\"mocked\"},{\"name\":\"net\",\"status\":\"mocked\"}]"}}
[debug] [2021-02-19T14:43:44.468Z] [runtime-status] [12500] Resolved module firebase-functions {"declared":true,"installed":true,"version":"3.13.1","resolution":"D:\\doggesik.com\\doggesik-ng\\functions\\node_modules\\firebase-functions\\lib\\index.js"} {"metadata":{"emulator":{"name":"functions"},"message":"[runtime-status] [12500] Resolved module firebase-functions {\"declared\":true,\"installed\":true,\"version\":\"3.13.1\",\"resolution\":\"D:\\\\doggesik.com\\\\doggesik-ng\\\\functions\\\\node_modules\\\\firebase-functions\\\\lib\\\\index.js\"}"}}
[debug] [2021-02-19T14:43:44.539Z] [runtime-status] [12500] Checked functions.config() {"config":{}} {"metadata":{"emulator":{"name":"functions"},"message":"[runtime-status] [12500] Checked functions.config() {\"config\":{}}"}}
[debug] [2021-02-19T14:43:44.539Z] [runtime-status] [12500] firebase-functions has been stubbed. {"functionsResolution":{"declared":true,"installed":true,"version":"3.13.1","resolution":"D:\\doggesik.com\\doggesik-ng\\functions\\node_modules\\firebase-functions\\lib\\index.js"}} {"metadata":{"emulator":{"name":"functions"},"message":"[runtime-status] [12500] firebase-functions has been stubbed. {\"functionsResolution\":{\"declared\":true,\"installed\":true,\"version\":\"3.13.1\",\"resolution\":\"D:\\\\doggesik.com\\\\doggesik-ng\\\\functions\\\\node_modules\\\\firebase-functions\\\\lib\\\\index.js\"}}"}}
[debug] [2021-02-19T14:43:44.540Z] [runtime-status] [12500] Resolved module firebase-functions {"declared":true,"installed":true,"version":"3.13.1","resolution":"D:\\doggesik.com\\doggesik-ng\\functions\\node_modules\\firebase-functions\\lib\\index.js"} {"metadata":{"emulator":{"name":"functions"},"message":"[runtime-status] [12500] Resolved module firebase-functions {\"declared\":true,\"installed\":true,\"version\":\"3.13.1\",\"resolution\":\"D:\\\\doggesik.com\\\\doggesik-ng\\\\functions\\\\node_modules\\\\firebase-functions\\\\lib\\\\index.js\"}"}}
[debug] [2021-02-19T14:43:44.541Z] [runtime-status] [12500] Resolved module firebase-admin {"declared":true,"installed":true,"version":"9.4.2","resolution":"D:\\doggesik.com\\doggesik-ng\\functions\\node_modules\\firebase-admin\\lib\\index.js"} {"metadata":{"emulator":{"name":"functions"},"message":"[runtime-status] [12500] Resolved module firebase-admin {\"declared\":true,\"installed\":true,\"version\":\"9.4.2\",\"resolution\":\"D:\\\\doggesik.com\\\\doggesik-ng\\\\functions\\\\node_modules\\\\firebase-admin\\\\lib\\\\index.js\"}"}}
[debug] [2021-02-19T14:43:44.542Z] [runtime-status] [12500] Resolved module firebase-functions {"declared":true,"installed":true,"version":"3.13.1","resolution":"D:\\doggesik.com\\doggesik-ng\\functions\\node_modules\\firebase-functions\\lib\\index.js"} {"metadata":{"emulator":{"name":"functions"},"message":"[runtime-status] [12500] Resolved module firebase-functions {\"declared\":true,\"installed\":true,\"version\":\"3.13.1\",\"resolution\":\"D:\\\\doggesik.com\\\\doggesik-ng\\\\functions\\\\node_modules\\\\firebase-functions\\\\lib\\\\index.js\"}"}}
[debug] [2021-02-19T14:43:44.542Z] [runtime-status] [12500] firebase-admin has been stubbed. {"adminResolution":{"declared":true,"installed":true,"version":"9.4.2","resolution":"D:\\doggesik.com\\doggesik-ng\\functions\\node_modules\\firebase-admin\\lib\\index.js"}} {"metadata":{"emulator":{"name":"functions"},"message":"[runtime-status] [12500] firebase-admin has been stubbed. {\"adminResolution\":{\"declared\":true,\"installed\":true,\"version\":\"9.4.2\",\"resolution\":\"D:\\\\doggesik.com\\\\doggesik-ng\\\\functions\\\\node_modules\\\\firebase-admin\\\\lib\\\\index.js\"}}"}}
[warn] !  Error: Cannot find module 'D:\doggesik.com\doggesik-ng\functions/dist/server'
Require stack:
- D:\doggesik.com\doggesik-ng\functions\lib\index.js
- C:\Users\Andrei\AppData\Roaming\npm\node_modules\firebase-tools\lib\emulator\functionsEmulatorRuntime.js
    at Function.Module._resolveFilename (internal/modules/cjs/loader.js:880:15)
    at Function.Module._load (internal/modules/cjs/loader.js:725:27)
    at Module.require (internal/modules/cjs/loader.js:952:19)
    at require (internal/modules/cjs/helpers.js:88:18)
    at Object.<anonymous> (D:\doggesik.com\doggesik-ng\functions\lib\index.js:12:19)
    at Module._compile (internal/modules/cjs/loader.js:1063:30)
    at Object.Module._extensions..js (internal/modules/cjs/loader.js:1092:10)
    at Module.load (internal/modules/cjs/loader.js:928:32)
    at Function.Module._load (internal/modules/cjs/loader.js:769:14)
    at Module.require (internal/modules/cjs/loader.js:952:19) {"metadata":{"emulator":{"name":"functions"},"message":"Error: Cannot find module 'D:\\doggesik.com\\doggesik-ng\\functions/dist/server'\nRequire stack:\n- D:\\doggesik.com\\doggesik-ng\\functions\\lib\\index.js\n- C:\\Users\\Andrei\\AppData\\Roaming\\npm\\node_modules\\firebase-tools\\lib\\emulator\\functionsEmulatorRuntime.js\n    at Function.Module._resolveFilename (internal/modules/cjs/loader.js:880:15)\n    at Function.Module._load (internal/modules/cjs/loader.js:725:27)\n    at Module.require (internal/modules/cjs/loader.js:952:19)\n    at require (internal/modules/cjs/helpers.js:88:18)\n    at Object.<anonymous> (D:\\doggesik.com\\doggesik-ng\\functions\\lib\\index.js:12:19)\n    at Module._compile (internal/modules/cjs/loader.js:1063:30)\n    at Object.Module._extensions..js (internal/modules/cjs/loader.js:1092:10)\n    at Module.load (internal/modules/cjs/loader.js:928:32)\n    at Function.Module._load (internal/modules/cjs/loader.js:769:14)\n    at Module.require (internal/modules/cjs/loader.js:952:19)"}}
[warn] !  We were unable to load your functions code. (see above)
   - It appears your code is written in Typescript, which must be compiled before emulation.
   - You may be able to run "npm run build" in your functions directory to resolve this. {"metadata":{"emulator":{"name":"functions"}}}
[debug] [2021-02-19T14:43:44.570Z] [worker-~diagnostic~-b4b4ffd4-98cc-46e6-93c2-60407ba2c9f2]: exited {"metadata":{"emulator":{"name":"functions"},"message":"[worker-~diagnostic~-b4b4ffd4-98cc-46e6-93c2-60407ba2c9f2]: exited"}}
[debug] [2021-02-19T14:43:44.570Z] [worker-~diagnostic~-b4b4ffd4-98cc-46e6-93c2-60407ba2c9f2]: FINISHED {"metadata":{"emulator":{"name":"functions"},"message":"[worker-~diagnostic~-b4b4ffd4-98cc-46e6-93c2-60407ba2c9f2]: FINISHED"}}
