[debug] [2021-02-18T18:19:47.398Z] ----------------------------------------------------------------------
[debug] [2021-02-18T18:19:47.400Z] Command:       C:\Program Files\nodejs\node.exe C:\Users\Andrei\AppData\Roaming\npm\node_modules\firebase-tools\lib\bin\firebase.js init
[debug] [2021-02-18T18:19:47.401Z] CLI Version:   9.2.2
[debug] [2021-02-18T18:19:47.401Z] Platform:      win32
[debug] [2021-02-18T18:19:47.401Z] Node Version:  v14.15.4
[debug] [2021-02-18T18:19:47.402Z] Time:          Thu Feb 18 2021 20:19:47 GMT+0200 (Eastern European Standard Time)
[debug] [2021-02-18T18:19:47.402Z] ----------------------------------------------------------------------
[debug] [2021-02-18T18:19:47.402Z] 
[debug] [2021-02-18T18:19:47.405Z] >>> [apiv2][query] GET https://firebase-public.firebaseio.com/cli.json [none]
[debug] [2021-02-18T18:19:47.427Z] > command requires scopes: ["email","openid","https://www.googleapis.com/auth/cloudplatformprojects.readonly","https://www.googleapis.com/auth/firebase","https://www.googleapis.com/auth/cloud-platform"]
[debug] [2021-02-18T18:19:47.428Z] > authorizing via signed-in user
[info] 
     ######## #### ########  ######## ########     ###     ######  ########
     ##        ##  ##     ## ##       ##     ##  ##   ##  ##       ##
     ######    ##  ########  ######   ########  #########  ######  ######
     ##        ##  ##    ##  ##       ##     ## ##     ##       ## ##
     ##       #### ##     ## ######## ########  ##     ##  ######  ########

You're about to initialize a Firebase project in this directory:

  D:\doggesik.com\doggesik-ng

Before we get started, keep in mind:

  * You are initializing in an existing Firebase project directory

[debug] [2021-02-18T18:19:48.392Z] <<< [apiv2][status] GET https://firebase-public.firebaseio.com/cli.json 200
[debug] [2021-02-18T18:19:48.392Z] <<< [apiv2][body] GET https://firebase-public.firebaseio.com/cli.json {"cloudBuildErrorAfter":1594252800000,"cloudBuildWarnAfter":1590019200000,"defaultNode10After":1594252800000,"minVersion":"3.0.5","node8DeploysDisabledAfter":1613390400000,"node8RuntimeDisabledAfter":1615809600000,"node8WarnAfter":1600128000000}
